Determining if the pthread_create exist failed with the following output:
Change Dir: /home/andreea/Documents/catkin_ws/build/CMakeFiles/CMakeTmp

Run Build Command:"/usr/bin/make" "cmTryCompileExec819690620/fast"
/usr/bin/make -f CMakeFiles/cmTryCompileExec819690620.dir/build.make CMakeFiles/cmTryCompileExec819690620.dir/build
make[1]: Entering directory '/home/andreea/Documents/catkin_ws/build/CMakeFiles/CMakeTmp'
/usr/bin/cmake -E cmake_progress_report /home/andreea/Documents/catkin_ws/build/CMakeFiles/CMakeTmp/CMakeFiles 1
Building C object CMakeFiles/cmTryCompileExec819690620.dir/CheckSymbolExists.c.o
/usr/bin/cc    -o CMakeFiles/cmTryCompileExec819690620.dir/CheckSymbolExists.c.o   -c /home/andreea/Documents/catkin_ws/build/CMakeFiles/CMakeTmp/CheckSymbolExists.c
Linking C executable cmTryCompileExec819690620
/usr/bin/cmake -E cmake_link_script CMakeFiles/cmTryCompileExec819690620.dir/link.txt --verbose=1
/usr/bin/cc       CMakeFiles/cmTryCompileExec819690620.dir/CheckSymbolExists.c.o  -o cmTryCompileExec819690620 -rdynamic 
CMakeFiles/cmTryCompileExec819690620.dir/CheckSymbolExists.c.o: In function `main':
CheckSymbolExists.c:(.text+0x16): undefined reference to `pthread_create'
collect2: error: ld returned 1 exit status
CMakeFiles/cmTryCompileExec819690620.dir/build.make:88: recipe for target 'cmTryCompileExec819690620' failed
make[1]: *** [cmTryCompileExec819690620] Error 1
make[1]: Leaving directory '/home/andreea/Documents/catkin_ws/build/CMakeFiles/CMakeTmp'
Makefile:118: recipe for target 'cmTryCompileExec819690620/fast' failed
make: *** [cmTryCompileExec819690620/fast] Error 2

File /home/andreea/Documents/catkin_ws/build/CMakeFiles/CMakeTmp/CheckSymbolExists.c:
/* */
#include <pthread.h>

int main(int argc, char** argv)
{
  (void)argv;
#ifndef pthread_create
  return ((int*)(&pthread_create))[argc];
#else
  (void)argc;
  return 0;
#endif
}

Determining if the function pthread_create exists in the pthreads failed with the following output:
Change Dir: /home/andreea/Documents/catkin_ws/build/CMakeFiles/CMakeTmp

Run Build Command:"/usr/bin/make" "cmTryCompileExec965978460/fast"
/usr/bin/make -f CMakeFiles/cmTryCompileExec965978460.dir/build.make CMakeFiles/cmTryCompileExec965978460.dir/build
make[1]: Entering directory '/home/andreea/Documents/catkin_ws/build/CMakeFiles/CMakeTmp'
/usr/bin/cmake -E cmake_progress_report /home/andreea/Documents/catkin_ws/build/CMakeFiles/CMakeTmp/CMakeFiles 1
Building C object CMakeFiles/cmTryCompileExec965978460.dir/CheckFunctionExists.c.o
/usr/bin/cc   -DCHECK_FUNCTION_EXISTS=pthread_create   -o CMakeFiles/cmTryCompileExec965978460.dir/CheckFunctionExists.c.o   -c /usr/share/cmake-3.0/Modules/CheckFunctionExists.c
Linking C executable cmTryCompileExec965978460
/usr/bin/cmake -E cmake_link_script CMakeFiles/cmTryCompileExec965978460.dir/link.txt --verbose=1
/usr/bin/cc   -DCHECK_FUNCTION_EXISTS=pthread_create    CMakeFiles/cmTryCompileExec965978460.dir/CheckFunctionExists.c.o  -o cmTryCompileExec965978460 -rdynamic -lpthreads 
/usr/bin/ld: cannot find -lpthreads
collect2: error: ld returned 1 exit status
CMakeFiles/cmTryCompileExec965978460.dir/build.make:88: recipe for target 'cmTryCompileExec965978460' failed
make[1]: *** [cmTryCompileExec965978460] Error 1
make[1]: Leaving directory '/home/andreea/Documents/catkin_ws/build/CMakeFiles/CMakeTmp'
Makefile:118: recipe for target 'cmTryCompileExec965978460/fast' failed
make: *** [cmTryCompileExec965978460/fast] Error 2


